Checking: berrendero
s1413557 :0           Nov 10 11:42 (:0)
s1413557 pts/0        Nov 10 11:43 (:0.0)
Checking: amritraj
Checking: delpotro
s1748082 :0           Nov 10 11:23 (:0)
s1748082 pts/0        Nov 10 11:28 (:0)
Checking: vilas
s1653336 :0           Nov 10 09:03 (:0)
s1653336 pts/0        Nov 10 09:08 (:0)
Checking: bondarenko
Checking: adorni
iainr    pts/2        Nov  7 13:56 (shar.inf.ed.ac.uk)
Checking: aimar
Checking: altig
Checking: anquetil
Checking: armstrong
Checking: bahamontes
Checking: baldini
Checking: balmamion
Checking: bartali
Checking: fuente
s1337682 :0           Nov 10 10:23 (:0)
s1337682 pts/0        Nov 10 11:25 (:0)
Checking: basso
s1534610 :0           Nov  9 21:01 (:0)
s1534610 pts/0        Nov  9 21:02 (:0)
s1534610 pts/1        Nov 10 08:00 (:0)
s1534610 pts/2        Nov 10 08:02 (:0)
Checking: battaglin
s1505551 :0           Nov  9 19:03 (:0)
s1505551 pts/0        Nov  9 19:03 (:0)
s1534610 pts/1        Nov 10 08:01 (basso.inf.ed.ac.uk)
Checking: belloni
Checking: bergamaschi
Checking: bertoglio
Checking: berzin
Checking: binda
s1408393 :0           Nov 10 11:02 (:0)
s1408393 pts/0        Nov 10 11:11 (:0)
s1408393 pts/1        Nov 10 11:37 (:0)
Checking: bobet
s1544468 :0           Nov 10 09:46 (:0)
s1544468 pts/0        Nov 10 09:47 (:0)
s1544468 pts/1        Nov 10 10:49 (:0)
Checking: bottechia
Checking: bracke
Checking: brunero
Checking: bugno
Checking: buysse
Checking: calzolari
Checking: camusso
s1544341 :0           Nov  9 14:28 (:0)
Checking: caritoux
Checking: casero
Checking: chioccioli
Checking: clerici
Checking: cobi
s1623165 :0           Nov 10 10:37 (:0)
Checking: contador
Checking: coppi
Checking: cornet
Checking: cunego
Checking: defraye
Checking: deloor
s1509532 :0           Nov 10 08:03 (:0)
s1509532 pts/0        Nov 10 08:03 (:0)
Checking: demulder
Checking: demuynck
Checking: dewaele
Checking: diluca
s1720557 :0           Nov 10 10:54 (:0)
Checking: dotto
Checking: dumoulin
Checking: enrici
s1350137 :0           Nov 10 10:52 (:0)
s1350137 pts/0        Nov 10 10:52 (:0)
s1350137 pts/1        Nov 10 10:55 (:0)
s1350137 pts/2        Nov 10 11:09 (:0)
s1350137 pts/3        Nov 10 11:25 (:0)
s1350137 pts/4        Nov 10 11:25 (:0)
Checking: evans
Checking: faber
Checking: fignon
s1767366 :0           Nov 10 11:00 (:0)
s1767366 pts/0        Nov 10 11:01 (:0)
Checking: frantz
Checking: froome
Checking: venskab
s1324313 :0           Nov 10 11:16 (:0)
s1324313 pts/0        Nov 10 11:35 (:0)
Checking: lape
Checking: gabica
s1431869 :0           Nov 10 09:37 (:0)
Checking: galetti
s1705322 :0           Nov 10 10:22 (:0)
Checking: ganna
Checking: garin
Checking: garrigou
Checking: garzelli
s1436898 :0           Nov 10 10:21 (:0)
s1436898 pts/0        Nov 10 11:06 (:0)
Checking: gaul
s1432213 :0           Nov 10 10:22 (:0)
s1432213 pts/0        Nov 10 10:24 (:0)
Checking: gimondi
Checking: giovannetti
s1634706 :0           Nov 10 09:44 (:0)
Checking: girardengo
Checking: gonzalez
Checking: gotti
s1407973 :0           Nov 10 11:27 (:0)
s1407973 pts/0        Nov 10 11:30 (:0)
Checking: guerra
s1529373 :0           Nov 10 11:10 (:0)
s1529373 pts/0        Nov 10 11:39 (:0)
Checking: hampsten
Checking: heras
Checking: herrera
Checking: hesjedal
s1243195 :0           Nov 10 10:15 (:0)
s1243195 pts/0        Nov 10 11:08 (:0)
Checking: hinault
s1763562 :0           Nov 10 11:21 (:0)
s1763562 pts/0        Nov 10 11:35 (:0)
Checking: horner
s1527484 :0           Nov  9 22:57 (:0)
Checking: indurain
Checking: jalabert
Checking: janssen
