This is pdfTeX, Version 3.14159265-2.6-1.40.18 (TeX Live 2017) (preloaded format=pdflatex 2017.7.13)  26 JAN 2018 08:06
entering extended mode
 restricted \write18 enabled.
 %&-line parsing enabled.
**dissertation.tex
(./dissertation.tex
LaTeX2e <2017-04-15>
Babel <3.10> and hyphenation patterns for 84 language(s) loaded.
(/opt/texlive/texmf-local/tex/latex/informatics/infthesis/infthesis.cls
Document Class: infthesis 2013/02/07 v3.7 School of Informatics Thesis Class
(/opt/texlive/2017/texmf-dist/tex/latex/geometry/geometry.sty
Package: geometry 2010/09/12 v5.6 Page Geometry

(/opt/texlive/2017/texmf-dist/tex/latex/graphics/keyval.sty
Package: keyval 2014/10/28 v1.15 key=value parser (DPC)
\KV@toks@=\toks14
)
(/opt/texlive/2017/texmf-dist/tex/generic/oberdiek/ifpdf.sty
Package: ifpdf 2017/03/15 v3.2 Provides the ifpdf switch
)
(/opt/texlive/2017/texmf-dist/tex/generic/oberdiek/ifvtex.sty
Package: ifvtex 2016/05/16 v1.6 Detect VTeX and its facilities (HO)
Package ifvtex Info: VTeX not detected.
)
(/opt/texlive/2017/texmf-dist/tex/generic/ifxetex/ifxetex.sty
Package: ifxetex 2010/09/12 v0.6 Provides ifxetex conditional
)
\Gm@cnth=\count79
\Gm@cntv=\count80
\c@Gm@tempcnt=\count81
\Gm@bindingoffset=\dimen102
\Gm@wd@mp=\dimen103
\Gm@odd@mp=\dimen104
\Gm@even@mp=\dimen105
\Gm@layoutwidth=\dimen106
\Gm@layoutheight=\dimen107
\Gm@layouthoffset=\dimen108
\Gm@layoutvoffset=\dimen109
\Gm@dimlist=\toks15
)
(/opt/texlive/2017/texmf-dist/tex/latex/base/ifthen.sty
Package: ifthen 2014/09/29 v1.1c Standard LaTeX ifthen package (DPC)
)
(/opt/texlive/2017/texmf-dist/tex/latex/graphics/graphics.sty
Package: graphics 2017/04/14 v1.1b Standard LaTeX Graphics (DPC,SPQR)

(/opt/texlive/2017/texmf-dist/tex/latex/graphics/trig.sty
Package: trig 2016/01/03 v1.10 sin cos tan (DPC)
)
(/opt/texlive/2017/texmf-dist/tex/latex/graphics-cfg/graphics.cfg
File: graphics.cfg 2016/06/04 v1.11 sample graphics configuration
)
Package graphics Info: Driver file: pdftex.def on input line 99.

(/opt/texlive/2017/texmf-dist/tex/latex/graphics-def/pdftex.def
File: pdftex.def 2017/01/12 v0.06k Graphics/color for pdfTeX

(/opt/texlive/2017/texmf-dist/tex/generic/oberdiek/infwarerr.sty
Package: infwarerr 2016/05/16 v1.4 Providing info/warning/error messages (HO)
)
(/opt/texlive/2017/texmf-dist/tex/generic/oberdiek/ltxcmds.sty
Package: ltxcmds 2016/05/16 v1.23 LaTeX kernel commands for general use (HO)
)
\Gread@gobject=\count82
))
(/opt/texlive/2017/texmf-dist/tex/latex/tools/xspace.sty
Package: xspace 2014/10/28 v1.13 Space after command names (DPC,MH)
)
(/opt/texlive/texmf-local/tex/latex/common/logos/eushield.sty
Package: eushield 2006/08/28\ v1.1\ Commands for including the EU shield graphi
c
)
(/opt/texlive/2017/texmf-dist/tex/latex/base/report.cls
Document Class: report 2014/09/29 v1.4h Standard LaTeX document class
(/opt/texlive/2017/texmf-dist/tex/latex/base/size12.clo
File: size12.clo 2014/09/29 v1.4h Standard LaTeX file (size option)
)
\c@part=\count83
\c@chapter=\count84
\c@section=\count85
\c@subsection=\count86
\c@subsubsection=\count87
\c@paragraph=\count88
\c@subparagraph=\count89
\c@figure=\count90
\c@table=\count91
\abovecaptionskip=\skip41
\belowcaptionskip=\skip42
\bibindent=\dimen110
)
(/opt/texlive/2017/texmf-dist/tex/latex/pslatex/pslatex.sty
Package: pslatex 1996/07/24 v1.2 pslatex emulation (DPC)
LaTeX Font Info:    Redeclaring symbol font `operators' on input line 65.
LaTeX Font Info:    Overwriting symbol font `operators' in version `normal'
(Font)                  OT1/cmr/m/n --> OT1/ptmcm/m/n on input line 65.
LaTeX Font Info:    Overwriting symbol font `operators' in version `bold'
(Font)                  OT1/cmr/bx/n --> OT1/ptmcm/m/n on input line 65.
LaTeX Font Info:    Redeclaring symbol font `letters' on input line 66.
LaTeX Font Info:    Overwriting symbol font `letters' in version `normal'
(Font)                  OML/cmm/m/it --> OML/ptmcm/m/it on input line 66.
LaTeX Font Info:    Overwriting symbol font `letters' in version `bold'
(Font)                  OML/cmm/b/it --> OML/ptmcm/m/it on input line 66.
LaTeX Font Info:    Redeclaring symbol font `symbols' on input line 67.
LaTeX Font Info:    Overwriting symbol font `symbols' in version `normal'
(Font)                  OMS/cmsy/m/n --> OMS/pzccm/m/n on input line 67.
LaTeX Font Info:    Overwriting symbol font `symbols' in version `bold'
(Font)                  OMS/cmsy/b/n --> OMS/pzccm/m/n on input line 67.
LaTeX Font Info:    Redeclaring symbol font `largesymbols' on input line 68.
LaTeX Font Info:    Overwriting symbol font `largesymbols' in version `normal'
(Font)                  OMX/cmex/m/n --> OMX/psycm/m/n on input line 68.
LaTeX Font Info:    Overwriting symbol font `largesymbols' in version `bold'
(Font)                  OMX/cmex/m/n --> OMX/psycm/m/n on input line 68.
\symbold=\mathgroup4
\symitalic=\mathgroup5
LaTeX Font Info:    Redeclaring math alphabet \mathbf on input line 74.
LaTeX Font Info:    Overwriting math alphabet `\mathbf' in version `normal'
(Font)                  OT1/cmr/bx/n --> OT1/ptm/bx/n on input line 74.
LaTeX Font Info:    Overwriting math alphabet `\mathbf' in version `bold'
(Font)                  OT1/cmr/bx/n --> OT1/ptm/bx/n on input line 74.
LaTeX Font Info:    Redeclaring math alphabet \mathit on input line 75.
LaTeX Font Info:    Overwriting math alphabet `\mathit' in version `normal'
(Font)                  OT1/cmr/m/it --> OT1/ptm/m/it on input line 75.
LaTeX Font Info:    Overwriting math alphabet `\mathit' in version `bold'
(Font)                  OT1/cmr/bx/it --> OT1/ptm/m/it on input line 75.
)
(/opt/texlive/2017/texmf-dist/tex/latex/sectsty/sectsty.sty
Package: sectsty 2002/02/25 v2.0.2 Commands to change all sectional heading sty
les
)
(/opt/texlive/2017/texmf-dist/tex/latex/caption/caption.sty
Package: caption 2016/02/21 v3.3-144 Customizing captions (AR)

(/opt/texlive/2017/texmf-dist/tex/latex/caption/caption3.sty
Package: caption3 2016/05/22 v1.7-166 caption3 kernel (AR)
Package caption3 Info: TeX engine: e-TeX on input line 67.
\captionmargin=\dimen111
\captionmargin@=\dimen112
\captionwidth=\dimen113
\caption@tempdima=\dimen114
\caption@indent=\dimen115
\caption@parindent=\dimen116
\caption@hangindent=\dimen117
)
\c@ContinuedFloat=\count92
))
(/opt/texlive/2017/texmf-dist/tex/latex/parskip/parskip.sty
Package: parskip 2001/04/09 non-zero parskip adjustments
)
(/opt/texlive/2017/texmf-dist/tex/latex/url/url.sty
\Urlmuskip=\muskip10
Package: url 2013/09/16  ver 3.4  Verb mode for urls, etc.
)
(/opt/texlive/2017/texmf-dist/tex/latex/graphics/graphicx.sty
Package: graphicx 2014/10/28 v1.0g Enhanced LaTeX Graphics (DPC,SPQR)
\Gin@req@height=\dimen118
\Gin@req@width=\dimen119
)
(/opt/texlive/2017/texmf-dist/tex/latex/appendix/appendix.sty
Package: appendix 2009/09/02 v1.2b extra appendix facilities
\c@@pps=\count93
\c@@ppsavesec=\count94
\c@@ppsaveapp=\count95
)
(/opt/texlive/2017/texmf-dist/tex/latex/listings/listings.sty
\lst@mode=\count96
\lst@gtempboxa=\box26
\lst@token=\toks16
\lst@length=\count97
\lst@currlwidth=\dimen120
\lst@column=\count98
\lst@pos=\count99
\lst@lostspace=\dimen121
\lst@width=\dimen122
\lst@newlines=\count100
\lst@lineno=\count101
\lst@maxwidth=\dimen123

(/opt/texlive/2017/texmf-dist/tex/latex/listings/lstmisc.sty
File: lstmisc.sty 2015/06/04 1.6 (Carsten Heinz)
\c@lstnumber=\count102
\lst@skipnumbers=\count103
\lst@framebox=\box27
)
(/opt/texlive/2017/texmf-dist/tex/latex/listings/listings.cfg
File: listings.cfg 2015/06/04 1.6 listings configuration
))
Package: listings 2015/06/04 1.6 (Carsten Heinz)

(./dissertation.aux)
\openout1 = `dissertation.aux'.

LaTeX Font Info:    Checking defaults for OML/cmm/m/it on input line 7.
LaTeX Font Info:    ... okay on input line 7.
LaTeX Font Info:    Checking defaults for T1/cmr/m/n on input line 7.
LaTeX Font Info:    ... okay on input line 7.
LaTeX Font Info:    Checking defaults for OT1/cmr/m/n on input line 7.
LaTeX Font Info:    ... okay on input line 7.
LaTeX Font Info:    Checking defaults for OMS/pzccm/m/n on input line 7.
LaTeX Font Info:    Try loading font information for OMS+pzccm on input line 7.

 (/opt/texlive/2017/texmf-dist/tex/latex/psnfss/omspzccm.fd
File: omspzccm.fd 2000/01/03 Fontinst v1.801 font definitions for OMS/pzccm.
)
LaTeX Font Info:    ... okay on input line 7.
LaTeX Font Info:    Checking defaults for OMX/cmex/m/n on input line 7.
LaTeX Font Info:    ... okay on input line 7.
LaTeX Font Info:    Checking defaults for U/cmr/m/n on input line 7.
LaTeX Font Info:    ... okay on input line 7.

*geometry* driver: auto-detecting
*geometry* detected driver: pdftex
*geometry* verbose mode - [ preamble ] result:
* driver: pdftex
* paper: a4paper
* layout: <same size as paper>
* layoutoffset:(h,v)=(0.0pt,0.0pt)
* modes: twoside 
* h-part:(L,W,R)=(113.81102pt, 412.56497pt, 71.13188pt)
* v-part:(T,H,B)=(56.9055pt, 674.33032pt, 113.81102pt)
* \paperwidth=597.50787pt
* \paperheight=845.04684pt
* \textwidth=412.56497pt
* \textheight=674.33032pt
* \oddsidemargin=41.54103pt
* \evensidemargin=-1.1381pt
* \topmargin=-52.36449pt
* \headheight=12.0pt
* \headsep=25.0pt
* \topskip=12.0pt
* \footskip=30.0pt
* \marginparwidth=85.0pt
* \marginparsep=10.0pt
* \columnsep=10.0pt
* \skip\footins=10.8pt plus 4.0pt minus 2.0pt
* \hoffset=0.0pt
* \voffset=0.0pt
* \mag=1000
* \@twocolumnfalse
* \@twosidetrue
* \@mparswitchtrue
* \@reversemarginfalse
* (1in=72.27pt=25.4mm, 1cm=28.453pt)

(/opt/texlive/2017/texmf-dist/tex/context/base/mkii/supp-pdf.mkii
[Loading MPS to PDF converter (version 2006.09.02).]
\scratchcounter=\count104
\scratchdimen=\dimen124
\scratchbox=\box28
\nofMPsegments=\count105
\nofMParguments=\count106
\everyMPshowfont=\toks17
\MPscratchCnt=\count107
\MPscratchDim=\dimen125
\MPnumerator=\count108
\makeMPintoPDFobject=\count109
\everyMPtoPDFconversion=\toks18
) (/opt/texlive/2017/texmf-dist/tex/generic/oberdiek/pdftexcmds.sty
Package: pdftexcmds 2017/03/19 v0.25 Utility functions of pdfTeX for LuaTeX (HO
)

(/opt/texlive/2017/texmf-dist/tex/generic/oberdiek/ifluatex.sty
Package: ifluatex 2016/05/16 v1.4 Provides the ifluatex switch (HO)
Package ifluatex Info: LuaTeX not detected.
)
Package pdftexcmds Info: LuaTeX not detected.
Package pdftexcmds Info: \pdf@primitive is available.
Package pdftexcmds Info: \pdf@ifprimitive is available.
Package pdftexcmds Info: \pdfdraftmode found.
)
(/opt/texlive/2017/texmf-dist/tex/latex/oberdiek/epstopdf-base.sty
Package: epstopdf-base 2016/05/15 v2.6 Base part for package epstopdf

(/opt/texlive/2017/texmf-dist/tex/latex/oberdiek/grfext.sty
Package: grfext 2016/05/16 v1.2 Manage graphics extensions (HO)

(/opt/texlive/2017/texmf-dist/tex/generic/oberdiek/kvdefinekeys.sty
Package: kvdefinekeys 2016/05/16 v1.4 Define keys (HO)
))
(/opt/texlive/2017/texmf-dist/tex/latex/oberdiek/kvoptions.sty
Package: kvoptions 2016/05/16 v3.12 Key value format for package options (HO)

(/opt/texlive/2017/texmf-dist/tex/generic/oberdiek/kvsetkeys.sty
Package: kvsetkeys 2016/05/16 v1.17 Key value parser (HO)

(/opt/texlive/2017/texmf-dist/tex/generic/oberdiek/etexcmds.sty
Package: etexcmds 2016/05/16 v1.6 Avoid name clashes with e-TeX commands (HO)
Package etexcmds Info: Could not find \expanded.
(etexcmds)             That can mean that you are not using pdfTeX 1.50 or
(etexcmds)             that some package has redefined \expanded.
(etexcmds)             In the latter case, load this package earlier.
)))
Package epstopdf-base Info: Redefining graphics rule for `.eps' on input line 4
38.
Package grfext Info: Graphics extension search list:
(grfext)             [.png,.pdf,.jpg,.mps,.jpeg,.jbig2,.jb2,.PNG,.PDF,.JPG,.JPE
G,.JBIG2,.JB2,.eps]
(grfext)             \AppendGraphicsExtensions on input line 456.

(/opt/texlive/2017/texmf-dist/tex/latex/latexconfig/epstopdf-sys.cfg
File: epstopdf-sys.cfg 2010/07/13 v1.3 Configuration of (r)epstopdf for TeX Liv
e
))
Package caption Info: Begin \AtBeginDocument code.
Package caption Info: listings package is loaded.
Package caption Info: End \AtBeginDocument code.
\c@lstlisting=\count110
LaTeX Font Info:    Font shape `OT1/ptm/bx/n' in size <20.74> not available
(Font)              Font shape `OT1/ptm/b/n' tried instead on input line 26.
LaTeX Font Info:    Font shape `OT1/phv/bx/n' in size <20.74> not available
(Font)              Font shape `OT1/phv/b/n' tried instead on input line 26.
LaTeX Font Info:    Font shape `OT1/phv/b/n' will be
(Font)              scaled to size 18.66588pt on input line 26.

<eushield-normal.pdf, id=1, 369.38pt x 373.395pt>
File: eushield-normal.pdf Graphic file (type pdf)
 <use eushield-normal.pdf>
Package pdftex.def Info: eushield-normal.pdf used on input line 26.
(pdftex.def)             Requested size: 369.37909pt x 373.39409pt.

[1

{/opt/texlive/2017/texmf-var/fonts/map/pdftex/updmap/pdftex.map} </opt/texlive/
texmf-local/tex/latex/common/logos/eushield-normal.pdf>] [2

]
LaTeX Font Info:    Font shape `OT1/phv/m/n' will be
(Font)              scaled to size 10.79993pt on input line 26.
LaTeX Font Info:    Font shape `OT1/phv/bx/n' in size <12> not available
(Font)              Font shape `OT1/phv/b/n' tried instead on input line 26.
LaTeX Font Info:    Font shape `OT1/phv/b/n' will be
(Font)              scaled to size 10.79993pt on input line 26.
LaTeX Font Info:    Font shape `OT1/phv/m/it' in size <12> not available
(Font)              Font shape `OT1/phv/m/sl' tried instead on input line 26.
LaTeX Font Info:    Font shape `OT1/phv/m/sl' will be
(Font)              scaled to size 10.79993pt on input line 26.
 [1]
LaTeX Font Info:    Font shape `OT1/ptm/bx/n' in size <17.28> not available
(Font)              Font shape `OT1/ptm/b/n' tried instead on input line 28.
LaTeX Font Info:    Font shape `OT1/phv/bx/n' in size <17.28> not available
(Font)              Font shape `OT1/phv/b/n' tried instead on input line 28.
LaTeX Font Info:    Font shape `OT1/phv/b/n' will be
(Font)              scaled to size 15.55188pt on input line 28.
 [2] [3]
[4

]
LaTeX Font Info:    Font shape `OT1/ptm/bx/n' in size <24.88> not available
(Font)              Font shape `OT1/ptm/b/n' tried instead on input line 39.
LaTeX Font Info:    Font shape `OT1/phv/bx/n' in size <24.88> not available
(Font)              Font shape `OT1/phv/b/n' tried instead on input line 39.
LaTeX Font Info:    Font shape `OT1/phv/b/n' will be
(Font)              scaled to size 22.39185pt on input line 39.
 (./dissertation.toc
LaTeX Font Info:    Font shape `OT1/ptm/bx/n' in size <12> not available
(Font)              Font shape `OT1/ptm/b/n' tried instead on input line 1.
LaTeX Font Info:    Try loading font information for OT1+ptmcm on input line 2.


(/opt/texlive/2017/texmf-dist/tex/latex/psnfss/ot1ptmcm.fd
File: ot1ptmcm.fd 2000/01/03 Fontinst v1.801 font definitions for OT1/ptmcm.
)
LaTeX Font Info:    Try loading font information for OML+ptmcm on input line 2.


(/opt/texlive/2017/texmf-dist/tex/latex/psnfss/omlptmcm.fd
File: omlptmcm.fd 2000/01/03 Fontinst v1.801 font definitions for OML/ptmcm.
)
LaTeX Font Info:    Try loading font information for OMX+psycm on input line 2.


(/opt/texlive/2017/texmf-dist/tex/latex/psnfss/omxpsycm.fd
File: omxpsycm.fd 2000/01/03 Fontinst v1.801 font definitions for OMX/psycm.
)
LaTeX Font Info:    Font shape `OT1/ptm/bx/n' in size <9> not available
(Font)              Font shape `OT1/ptm/b/n' tried instead on input line 2.
LaTeX Font Info:    Font shape `OT1/ptm/bx/n' in size <7> not available
(Font)              Font shape `OT1/ptm/b/n' tried instead on input line 2.
 [5])
\tf@toc=\write3
\openout3 = `dissertation.toc'.

 [6]
Chapter 1.
[1

] [2] [3] [4

]
Chapter 2.
[5] <graph/class_sample.png, id=54, 861.2175pt x 355.3275pt>
File: graph/class_sample.png Graphic file (type png)

<use graph/class_sample.png>
Package pdftex.def Info: graph/class_sample.png used on input line 169.
(pdftex.def)             Requested size: 378.93687pt x 156.34457pt.
 [6]
<graph/Pipeline_Classifier.png, id=59, 1165.35374pt x 352.31625pt>
File: graph/Pipeline_Classifier.png Graphic file (type png)

<use graph/Pipeline_Classifier.png>
Package pdftex.def Info: graph/Pipeline_Classifier.png used on input line 192.
(pdftex.def)             Requested size: 396.21503pt x 119.78593pt.
 [7 <./graph/class_sample.png>] [8 <./graph/Pipeline_Classifier.png>]
Chapter 3.
LaTeX Font Info:    Font shape `OMS/ptm/m/n' in size <12> not available
(Font)              Font shape `OMS/pzccm/m/n' tried instead on input line 208.

<graph/extraction.png, id=68, 1003.75pt x 501.875pt>
File: graph/extraction.png Graphic file (type png)

<use graph/extraction.png>
Package pdftex.def Info: graph/extraction.png used on input line 230.
(pdftex.def)             Requested size: 301.12732pt x 150.56366pt.
 [9

]
(/opt/texlive/2017/texmf-dist/tex/latex/listings/lstlang1.sty
File: lstlang1.sty 2015/06/04 1.6 listings language file
)
LaTeX Font Info:    Font shape `OT1/pcr/bx/n' in size <6> not available
(Font)              Font shape `OT1/pcr/b/n' tried instead on input line 252.
Missing character: There is no â in font pcrr7tn!
Missing character: There is no € in font pcrr7tn!
Missing character: There is no ˜ in font pcrr7tn!
Missing character: There is no â in font pcrr7tn!
Missing character: There is no € in font pcrr7tn!
Missing character: There is no ˜ in font pcrr7tn!
Missing character: There is no â in font pcrr7tn!
Missing character: There is no € in font pcrr7tn!
Missing character: There is no ˜ in font pcrr7tn!
Missing character: There is no â in font pcrr7tn!
Missing character: There is no € in font pcrr7tn!
Missing character: There is no ˜ in font pcrr7tn!
Missing character: There is no â in font pcrr7tn!
Missing character: There is no € in font pcrr7tn!
Missing character: There is no ˜ in font pcrr7tn!
Missing character: There is no â in font pcrr7tn!
Missing character: There is no € in font pcrr7tn!
Missing character: There is no ˜ in font pcrr7tn!
Missing character: There is no â in font pcrr7tn!
Missing character: There is no € in font pcrr7tn!
Missing character: There is no ˜ in font pcrr7tn!
Missing character: There is no â in font pcrr7tn!
Missing character: There is no € in font pcrr7tn!
Missing character: There is no ˜ in font pcrr7tn!
Missing character: There is no â in font pcrr7tn!
Missing character: There is no € in font pcrr7tn!
Missing character: There is no ˜ in font pcrr7tn!
Missing character: There is no â in font pcrr7tn!
Missing character: There is no € in font pcrr7tn!
Missing character: There is no ˜ in font pcrr7tn!
Missing character: There is no â in font pcrr7tn!
Missing character: There is no € in font pcrr7tn!
Missing character: There is no ™ in font pcrr7tn!
Missing character: There is no â in font pcrr7tn!
Missing character: There is no € in font pcrr7tn!
Missing character: There is no ™ in font pcrr7tn!
Missing character: There is no â in font pcrr7tn!
Missing character: There is no € in font pcrr7tn!
Missing character: There is no ™ in font pcrr7tn!
Missing character: There is no â in font pcrr7tn!
Missing character: There is no € in font pcrr7tn!
Missing character: There is no ™ in font pcrr7tn!
Missing character: There is no â in font pcrr7tn!
Missing character: There is no € in font pcrr7tn!
Missing character: There is no ˜ in font pcrr7tn!
Missing character: There is no â in font pcrr7tn!
Missing character: There is no € in font pcrr7tn!
Missing character: There is no ˜ in font pcrr7tn!
Missing character: There is no â in font pcrr7tn!
Missing character: There is no € in font pcrr7tn!
Missing character: There is no ™ in font pcrr7tn!
Missing character: There is no â in font pcrr7tn!
Missing character: There is no € in font pcrr7tn!
Missing character: There is no ™ in font pcrr7tn!
Missing character: There is no â in font pcrr7tn!
Missing character: There is no € in font pcrr7tn!
Missing character: There is no ˜ in font pcrr7tn!
Missing character: There is no â in font pcrr7tn!
Missing character: There is no € in font pcrr7tn!
Missing character: There is no ˜ in font pcrr7tn!
Missing character: There is no â in font pcrr7tn!
Missing character: There is no € in font pcrr7tn!
Missing character: There is no ˜ in font pcrr7tn!
Missing character: There is no â in font pcrr7tn!
Missing character: There is no € in font pcrr7tn!
Missing character: There is no ˜ in font pcrr7tn!
Missing character: There is no â in font pcrr7tn!
Missing character: There is no € in font pcrr7tn!
Missing character: There is no ˜ in font pcrr7tn!
Missing character: There is no â in font pcrr7tn!
Missing character: There is no € in font pcrr7tn!
Missing character: There is no ˜ in font pcrr7tn!
Missing character: There is no â in font pcrr7tn!
Missing character: There is no € in font pcrr7tn!
Missing character: There is no ˜ in font pcrr7tn!
Missing character: There is no â in font pcrr7tn!
Missing character: There is no € in font pcrr7tn!
Missing character: There is no ˜ in font pcrr7tn!
Missing character: There is no â in font pcrr7tn!
Missing character: There is no € in font pcrr7tn!
Missing character: There is no ˜ in font pcrr7tn!
Missing character: There is no â in font pcrr7tn!
Missing character: There is no € in font pcrr7tn!
Missing character: There is no ˜ in font pcrr7tn!
Missing character: There is no â in font pcrr7tn!
Missing character: There is no € in font pcrr7tn!
Missing character: There is no ˜ in font pcrr7tn!
Missing character: There is no â in font pcrr7tn!
Missing character: There is no € in font pcrr7tn!
Missing character: There is no ˜ in font pcrr7tn!
LaTeX Font Info:    Font shape `OT1/ptm/bx/n' in size <14.4> not available
(Font)              Font shape `OT1/ptm/b/n' tried instead on input line 271.
LaTeX Font Info:    Font shape `OT1/phv/bx/n' in size <14.4> not available
(Font)              Font shape `OT1/phv/b/n' tried instead on input line 271.
LaTeX Font Info:    Font shape `OT1/phv/b/n' will be
(Font)              scaled to size 12.9599pt on input line 271.
 [10 <./graph/extraction.png>]
LaTeX Font Info:    Font shape `OT1/pcr/bx/n' in size <10.95> not available
(Font)              Font shape `OT1/pcr/b/n' tried instead on input line 281.
LaTeX Font Info:    Try loading font information for OMS+pcr on input line 291.

 (/opt/texlive/2017/texmf-dist/tex/latex/psnfss/omspcr.fd
File: omspcr.fd 
)
LaTeX Font Info:    Font shape `OMS/pcr/m/n' in size <12> not available
(Font)              Font shape `OMS/cmsy/m/n' tried instead on input line 291.

[11] <graph/idscount.png, id=82, 735.74875pt x 334.24875pt>
File: graph/idscount.png Graphic file (type png)

<use graph/idscount.png>
Package pdftex.def Info: graph/idscount.png used on input line 317.
(pdftex.def)             Requested size: 382.59155pt x 173.81035pt.
 [12 <./graph/idscount.png>]
Chapter 4.
[13

] <graph/benchmark.png, id=90, 381.425pt x 266.9975pt>
File: graph/benchmark.png Graphic file (type png)

<use graph/benchmark.png>
Package pdftex.def Info: graph/benchmark.png used on input line 348.
(pdftex.def)             Requested size: 190.71202pt x 133.49841pt.
 [14 <./graph/benchmark.png>]
<graph/frame_distribution.png, id=95, 603.25375pt x 252.945pt>
File: graph/frame_distribution.png Graphic file (type png)

<use graph/frame_distribution.png>
Package pdftex.def Info: graph/frame_distribution.png used on input line 389.
(pdftex.def)             Requested size: 241.29723pt x 101.17621pt.
 [15 <./graph/frame_distribution.png>]
[16] [17] <graph/imagepre.png, id=107, 1028.84375pt x 126.4725pt>
File: graph/imagepre.png Graphic file (type png)

<use graph/imagepre.png>
Package pdftex.def Info: graph/imagepre.png used on input line 457.
(pdftex.def)             Requested size: 411.53021pt x 50.58809pt.
 [18 <./graph/imagepre.png>]
Chapter 5.
<graph/svmparameter.png, id=112, 564.1075pt x 334.24875pt>
File: graph/svmparameter.png Graphic file (type png)

<use graph/svmparameter.png>
Package pdftex.def Info: graph/svmparameter.png used on input line 479.
(pdftex.def)             Requested size: 282.05305pt x 167.12396pt.
 [19

 <./graph/svmparameter.png>] [20]
Chapter 6.
<graph/sample_terminal.png, id=123, 1173.38374pt x 400.49625pt>
File: graph/sample_terminal.png Graphic file (type png)

<use graph/sample_terminal.png>
Package pdftex.def Info: graph/sample_terminal.png used on input line 515.
(pdftex.def)             Requested size: 352.01784pt x 120.1498pt.
 [21

] [22 <./graph/sample_terminal.png>]
[23] [24

]
Chapter 7.
(./dissertation.bbl [25] [26

]) [27] (./dissertation.aux) ) 
Here is how much of TeX's memory you used:
 5443 strings out of 492995
 82318 string characters out of 6101534
 202200 words of memory out of 5000000
 8874 multiletter control sequences out of 15000+600000
 42811 words of font info for 87 fonts, out of 8000000 for 9000
 1141 hyphenation exceptions out of 8191
 43i,6n,47p,585b,1183s stack positions out of 5000i,500n,10000p,200000b,80000s
{/opt/texlive/2017/texmf-dist/fonts/enc/dvips/bas
e/8r.enc}</opt/texlive/2017/texmf-dist/fonts/type1/public/amsfonts/cm/cmmi10.pf
b></opt/texlive/2017/texmf-dist/fonts/type1/public/amsfonts/cm/cmr10.pfb></opt/
texlive/2017/texmf-dist/fonts/type1/public/amsfonts/cm/cmsy10.pfb></opt/texlive
/2017/texmf-dist/fonts/type1/urw/courier/ucrb8a.pfb></opt/texlive/2017/texmf-di
st/fonts/type1/urw/courier/ucrr8a.pfb></opt/texlive/2017/texmf-dist/fonts/type1
/urw/helvetic/uhvb8a.pfb></opt/texlive/2017/texmf-dist/fonts/type1/urw/helvetic
/uhvr8a.pfb></opt/texlive/2017/texmf-dist/fonts/type1/urw/helvetic/uhvro8a.pfb>
</opt/texlive/2017/texmf-dist/fonts/type1/urw/symbol/usyr.pfb></opt/texlive/201
7/texmf-dist/fonts/type1/urw/times/utmb8a.pfb></opt/texlive/2017/texmf-dist/fon
ts/type1/urw/times/utmr8a.pfb></opt/texlive/2017/texmf-dist/fonts/type1/urw/tim
es/utmri8a.pfb>
Output written on dissertation.pdf (35 pages, 1274177 bytes).
PDF statistics:
 188 PDF objects out of 1000 (max. 8388607)
 118 compressed objects within 2 object streams
 0 named destinations out of 1000 (max. 500000)
 51 words of extra memory for PDF output out of 10000 (max. 10000000)

